--------------------------------------------------------------------------------------------------------
      name:  <unnamed>
       log:  D:\Mental Health\studentdata.log
  log type:  text
 opened on:   6 Nov 2024, 01:36:34

. 
. sum age, det

                             Age
-------------------------------------------------------------
      Percentiles      Smallest
 1%           17             17
 5%           18             17
10%           18             17       Obs               1,462
25%           19             17       Sum of wgt.       1,462

50%           21                      Mean           24.33721
                        Largest       Std. dev.       9.35053
75%           24             68
90%           38             70       Variance       87.43241
95%           46             70       Skewness       2.342714
99%           60             72       Kurtosis       8.432212

. foreach var of varlist study-SeekHelp {
  2.         tab `var', m
  3. }

    Year of |
      Study |      Freq.     Percent        Cum.
------------+-----------------------------------
 First Year |        603       41.13       41.13
Fourth Year |        196       13.37       54.50
Second Year |        438       29.88       84.38
 Third Year |        229       15.62      100.00
------------+-----------------------------------
      Total |      1,466      100.00

 AGE GROUPS |      Freq.     Percent        Cum.
------------+-----------------------------------
 < 20 years |        459       31.31       31.31
20-24 years |        656       44.75       76.06
25-29 years |        102        6.96       83.02
  >30 years |        245       16.71       99.73
          . |          4        0.27      100.00
------------+-----------------------------------
      Total |      1,466      100.00

 Sex of the |
participant |      Freq.     Percent        Cum.
------------+-----------------------------------
     Female |        791       53.96       53.96
       Male |        664       45.29       99.25
          . |         11        0.75      100.00
------------+-----------------------------------
      Total |      1,466      100.00

          Marital status |      Freq.     Percent        Cum.
-------------------------+-----------------------------------
                 Married |        215       14.67       14.67
single/widowed/separated |      1,251       85.33      100.00
-------------------------+-----------------------------------
                   Total |      1,466      100.00

Head of the |
  household |      Freq.     Percent        Cum.
------------+-----------------------------------
         No |      1,083       73.87       73.87
        Yes |        383       26.13      100.00
------------+-----------------------------------
      Total |      1,466      100.00

    Activity |
       level |      Freq.     Percent        Cum.
-------------+-----------------------------------
       Never |         99        6.75        6.75
      Rarely |        251       17.12       23.87
Occasionally |        575       39.22       63.10
  Frequently |        541       36.90      100.00
-------------+-----------------------------------
       Total |      1,466      100.00

     Social |
  Media Use |      Freq.     Percent        Cum.
------------+-----------------------------------
   < 1 hour |        298       20.33       20.33
  1-3 hours |        507       34.58       54.91
  3-5 hours |        445       30.35       85.27
  > 5 hours |        176       12.01       97.27
          . |         40        2.73      100.00
------------+-----------------------------------
      Total |      1,466      100.00

       family support |      Freq.     Percent        Cum.
----------------------+-----------------------------------
        Not suppotive |         23        1.57        1.57
  Slightly supportive |        184       12.55       14.12
Moderately Supportive |        296       20.19       34.31
           Supportive |        435       29.67       63.98
      Very Supportive |        197       13.44       77.42
                    . |        331       22.58      100.00
----------------------+-----------------------------------
                Total |      1,466      100.00

 Sources of |
     Income |      Freq.     Percent        Cum.
------------+-----------------------------------
     Family |        505       34.45       34.45
       Loan |        236       16.10       50.55
   Personal |         35        2.39       52.93
Scholarship |        315       21.49       74.42
      Other |         13        0.89       75.31
          . |        362       24.69      100.00
------------+-----------------------------------
      Total |      1,466      100.00

  Financial |
 difficulty |
 in time at |
 University |      Freq.     Percent        Cum.
------------+-----------------------------------
         No |        704       48.02       48.02
        Yes |        390       26.60       74.62
          . |        372       25.38      100.00
------------+-----------------------------------
      Total |      1,466      100.00

   How often |
    have you |
       faced |
   financial |
difficulties |      Freq.     Percent        Cum.
-------------+-----------------------------------
       Never |         19        1.30        1.30
      Rarely |        104        7.09        8.39
Occasionally |        173       11.80       20.19
  Frequently |         88        6.00       26.19
           . |      1,082       73.81      100.00
-------------+-----------------------------------
       Total |      1,466      100.00

  Awareness |
  of mental |
     health |
   services |
  available |
     in the |
 university |      Freq.     Percent        Cum.
------------+-----------------------------------
         No |        699       47.68       47.68
        Yes |        394       26.88       74.56
          . |        373       25.44      100.00
------------+-----------------------------------
      Total |      1,466      100.00

Used mental |
     health |
services in |
the last 12 |
     months |      Freq.     Percent        Cum.
------------+-----------------------------------
         No |        960       65.48       65.48
        Yes |        137        9.35       74.83
          . |        369       25.17      100.00
------------+-----------------------------------
      Total |      1,466      100.00

Expreienced |
symptoms of |
depression, |
 anxiety or |
     stress |      Freq.     Percent        Cum.
------------+-----------------------------------
         No |        671       45.77       45.77
        Yes |        418       28.51       74.28
          . |        377       25.72      100.00
------------+-----------------------------------
      Total |      1,466      100.00

    Did you |
  seek help |      Freq.     Percent        Cum.
------------+-----------------------------------
         No |        344       23.47       23.47
        Yes |         71        4.84       28.31
          . |      1,051       71.69      100.00
------------+-----------------------------------
      Total |      1,466      100.00

. 
. foreach var of varlist Nervous-GADcategory {
  2.         tab `var', m
  3. }

       Feeling nervous, |
    anxious, or on edge |      Freq.     Percent        Cum.
------------------------+-----------------------------------
             not at all |        681       46.45       46.45
           several days |        618       42.16       88.61
more than half the days |        131        8.94       97.54
        Nearly everyday |         26        1.77       99.32
                      . |         10        0.68      100.00
------------------------+-----------------------------------
                  Total |      1,466      100.00

 Not being able to stop |
    or control worrying |      Freq.     Percent        Cum.
------------------------+-----------------------------------
             not at all |        693       47.27       47.27
           several days |        602       41.06       88.34
more than half the days |        139        9.48       97.82
        Nearly everyday |         19        1.30       99.11
                      . |         13        0.89      100.00
------------------------+-----------------------------------
                  Total |      1,466      100.00

Worrying too much about |
       different things |      Freq.     Percent        Cum.
------------------------+-----------------------------------
             not at all |        673       45.91       45.91
           several days |        574       39.15       85.06
more than half the days |        170       11.60       96.66
        Nearly everyday |         34        2.32       98.98
                      . |         15        1.02      100.00
------------------------+-----------------------------------
                  Total |      1,466      100.00

       Trouble relaxing |      Freq.     Percent        Cum.
------------------------+-----------------------------------
             not at all |        841       57.37       57.37
           several days |        444       30.29       87.65
more than half the days |        141        9.62       97.27
        Nearly everyday |         19        1.30       98.57
                      . |         21        1.43      100.00
------------------------+-----------------------------------
                  Total |      1,466      100.00

 Being so restless that |
 it's hard to sit still |      Freq.     Percent        Cum.
------------------------+-----------------------------------
             not at all |        834       56.89       56.89
           several days |        431       29.40       86.29
more than half the days |        142        9.69       95.98
        Nearly everyday |         19        1.30       97.27
                      . |         40        2.73      100.00
------------------------+-----------------------------------
                  Total |      1,466      100.00

Becoming easily annoyed |
           or Irritable |      Freq.     Percent        Cum.
------------------------+-----------------------------------
             not at all |        765       52.18       52.18
           several days |        517       35.27       87.45
more than half the days |        139        9.48       96.93
        Nearly everyday |         31        2.11       99.05
                      . |         14        0.95      100.00
------------------------+-----------------------------------
                  Total |      1,466      100.00

   Feeling afraid as if |
  something awful might |
                 happen |      Freq.     Percent        Cum.
------------------------+-----------------------------------
             not at all |        949       64.73       64.73
           several days |        359       24.49       89.22
more than half the days |        106        7.23       96.45
        Nearly everyday |         30        2.05       98.50
                      . |         22        1.50      100.00
------------------------+-----------------------------------
                  Total |      1,466      100.00

        GAD |      Freq.     Percent        Cum.
------------+-----------------------------------
          0 |        154       10.50       10.50
          1 |        126        8.59       19.10
          2 |        297       20.26       39.36
          3 |        154       10.50       49.86
          4 |        134        9.14       59.00
          5 |        121        8.25       67.26
          6 |         89        6.07       73.33
          7 |         66        4.50       77.83
          8 |         61        4.16       81.99
          9 |         51        3.48       85.47
         10 |         59        4.02       89.50
         11 |         35        2.39       91.88
         12 |         12        0.82       92.70
         13 |          8        0.55       93.25
         14 |          5        0.34       93.59
         15 |          2        0.14       93.72
         16 |          1        0.07       93.79
         17 |          1        0.07       93.86
         18 |          2        0.14       94.00
         19 |          1        0.07       94.07
         20 |          1        0.07       94.13
         21 |          2        0.14       94.27
          . |         84        5.73      100.00
------------+-----------------------------------
      Total |      1,466      100.00

        GAD |
   Category |      Freq.     Percent        Cum.
------------+-----------------------------------
    Minimal |        865       59.00       59.00
       Mild |        388       26.47       85.47
  Moderate  |        119        8.12       93.59
     Severe |         10        0.68       94.27
          . |         84        5.73      100.00
------------+-----------------------------------
      Total |      1,466      100.00

. 
. foreach var of varlist Interest -Thoughts {
  2.         tab `var', m
  3. }

     Little interest or |
      pleasure in doing |
                 things |      Freq.     Percent        Cum.
------------------------+-----------------------------------
             not at all |        726       49.52       49.52
           several days |        564       38.47       87.99
more than half the days |        127        8.66       96.66
        Nearly everyday |         41        2.80       99.45
                      . |          8        0.55      100.00
------------------------+-----------------------------------
                  Total |      1,466      100.00

          Feeling down, |
 depressed, or hopeless |      Freq.     Percent        Cum.
------------------------+-----------------------------------
             not at all |        804       54.84       54.84
           several days |        508       34.65       89.50
more than half the days |        126        8.59       98.09
        Nearly everyday |         19        1.30       99.39
                      . |          9        0.61      100.00
------------------------+-----------------------------------
                  Total |      1,466      100.00

     Trouble falling or |
     staying asleep, or |
      sleeping too much |      Freq.     Percent        Cum.
------------------------+-----------------------------------
             not at all |        728       49.66       49.66
           several days |        497       33.90       83.56
more than half the days |        198       13.51       97.07
        Nearly everyday |         30        2.05       99.11
                      . |         13        0.89      100.00
------------------------+-----------------------------------
                  Total |      1,466      100.00

Feeling tired or having |
          little energy |      Freq.     Percent        Cum.
------------------------+-----------------------------------
             not at all |        730       49.80       49.80
           several days |        522       35.61       85.40
more than half the days |        170       11.60       97.00
        Nearly everyday |         33        2.25       99.25
                      . |         11        0.75      100.00
------------------------+-----------------------------------
                  Total |      1,466      100.00

       Poor appetite or |
             overeating |      Freq.     Percent        Cum.
------------------------+-----------------------------------
             not at all |        854       58.25       58.25
           several days |        430       29.33       87.59
more than half the days |        132        9.00       96.59
        Nearly everyday |         27        1.84       98.43
                      . |         23        1.57      100.00
------------------------+-----------------------------------
                  Total |      1,466      100.00

      Feeling bad about |
     yourself — or that |
   you are a failure or |
 have let yourself or y |      Freq.     Percent        Cum.
------------------------+-----------------------------------
             not at all |        925       63.10       63.10
           several days |        356       24.28       87.38
more than half the days |        125        8.53       95.91
        Nearly everyday |         20        1.36       97.27
                      . |         40        2.73      100.00
------------------------+-----------------------------------
                  Total |      1,466      100.00

  Trouble concentrating |
     on things, such as |
  reading the newspaper |
      or watching telev |      Freq.     Percent        Cum.
------------------------+-----------------------------------
             not at all |        890       60.71       60.71
           several days |        407       27.76       88.47
more than half the days |        104        7.09       95.57
        Nearly everyday |         48        3.27       98.84
                      . |         17        1.16      100.00
------------------------+-----------------------------------
                  Total |      1,466      100.00

  Moving or speaking so |
      slowly that other |
      people could have |
 noticed? Or the opposi |      Freq.     Percent        Cum.
------------------------+-----------------------------------
             not at all |        960       65.48       65.48
           several days |        341       23.26       88.74
more than half the days |        116        7.91       96.66
        Nearly everyday |         38        2.59       99.25
                      . |         11        0.75      100.00
------------------------+-----------------------------------
                  Total |      1,466      100.00

Thoughts that you would |
  be better off dead or |
 of hurting yourself in |
               some way |      Freq.     Percent        Cum.
------------------------+-----------------------------------
             not at all |      1,097       74.83       74.83
           several days |        278       18.96       93.79
more than half the days |         54        3.68       97.48
        Nearly everyday |         14        0.95       98.43
                      . |         23        1.57      100.00
------------------------+-----------------------------------
                  Total |      1,466      100.00

. 
. tab PHQcat, m

PHQ Category |      Freq.     Percent        Cum.
-------------+-----------------------------------
None/minimal |        820       55.93       55.93
        Mild |        295       20.12       76.06
    Moderate |        200       13.64       89.70
      Severe |         32        2.18       91.88
           . |        119        8.12      100.00
-------------+-----------------------------------
       Total |      1,466      100.00

. foreach var of varlist Hypomania-Psychosis {
  2.         tab `var', m
  3. }

   you felt |
 very happy |
     indeed |
  without a |
  break for |
days on end |      Freq.     Percent        Cum.
------------+-----------------------------------
         No |        776       52.93       52.93
        Yes |        676       46.11       99.05
          . |         14        0.95      100.00
------------+-----------------------------------
      Total |      1,466      100.00

  Hypomania |      Freq.     Percent        Cum.
------------+-----------------------------------
         No |        251       17.12       17.12
        Yes |        419       28.58       45.70
          . |        796       54.30      100.00
------------+-----------------------------------
      Total |      1,466      100.00

  felt that |
       your |
   thoughts |
       were |
   directly |
 interfered |
    with or |
 controlled |
    by some |
       outs |      Freq.     Percent        Cum.
------------+-----------------------------------
         No |        943       64.32       64.32
        Yes |        509       34.72       99.05
          . |         14        0.95      100.00
------------+-----------------------------------
      Total |      1,466      100.00

     Though |
  insertion |      Freq.     Percent        Cum.
------------+-----------------------------------
         No |        155       10.57       10.57
        Yes |        349       23.81       34.38
          . |        962       65.62      100.00
------------+-----------------------------------
      Total |      1,466      100.00

u felt that |
people were |
    against |
  youu felt |
that people |
       were |
against you |      Freq.     Percent        Cum.
------------+-----------------------------------
         No |      1,169       79.74       79.74
        Yes |        285       19.44       99.18
          . |         12        0.82      100.00
------------+-----------------------------------
      Total |      1,466      100.00

   Paranoia |      Freq.     Percent        Cum.
------------+-----------------------------------
         No |        206       14.05       14.05
        Yes |         73        4.98       19.03
          . |      1,187       80.97      100.00
------------+-----------------------------------
      Total |      1,466      100.00

 have there |
 been times |
   when you |
  felt that |
  something |
strange was |
   going on |      Freq.     Percent        Cum.
------------+-----------------------------------
         No |      1,158       78.99       78.99
        Yes |        290       19.78       98.77
          . |         18        1.23      100.00
------------+-----------------------------------
      Total |      1,466      100.00

    Strange |
experiences |      Freq.     Percent        Cum.
------------+-----------------------------------
         No |        161       10.98       10.98
        Yes |        127        8.66       19.65
          . |      1,178       80.35      100.00
------------+-----------------------------------
      Total |      1,466      100.00

   heard or |
 saw things |
 that other |
     people |
   couldn't |      Freq.     Percent        Cum.
------------+-----------------------------------
         No |      1,193       81.38       81.38
        Yes |        257       17.53       98.91
          . |         16        1.09      100.00
------------+-----------------------------------
      Total |      1,466      100.00

Hallucinati |
        ons |      Freq.     Percent        Cum.
------------+-----------------------------------
         No |        166       11.32       11.32
        Yes |         85        5.80       17.12
          . |      1,215       82.88      100.00
------------+-----------------------------------
      Total |      1,466      100.00

Symptoms of |
  hypomania |      Freq.     Percent        Cum.
------------+-----------------------------------
          1 |        419       28.58       28.58
          2 |      1,047       71.42      100.00
------------+-----------------------------------
      Total |      1,466      100.00

    Thought |
  insertion |      Freq.     Percent        Cum.
------------+-----------------------------------
          1 |        349       23.81       23.81
          2 |      1,098       74.90       98.70
          . |         19        1.30      100.00
------------+-----------------------------------
      Total |      1,466      100.00

Symptoms of |
   paranoia |      Freq.     Percent        Cum.
------------+-----------------------------------
          1 |         73        4.98        4.98
          2 |      1,375       93.79       98.77
          . |         18        1.23      100.00
------------+-----------------------------------
      Total |      1,466      100.00

    Strange |
experiences |      Freq.     Percent        Cum.
------------+-----------------------------------
          1 |        127        8.66        8.66
          2 |      1,319       89.97       98.64
          . |         20        1.36      100.00
------------+-----------------------------------
      Total |      1,466      100.00

Symptoms of |
Hallucinati |
         on |      Freq.     Percent        Cum.
------------+-----------------------------------
          1 |         85        5.80        5.80
          2 |      1,359       92.70       98.50
          . |         22        1.50      100.00
------------+-----------------------------------
      Total |      1,466      100.00

  Diagnosis |
         of |
  psychosis |      Freq.     Percent        Cum.
------------+-----------------------------------
        Yes |        574       39.15       39.15
         No |        854       58.25       97.41
          . |         38        2.59      100.00
------------+-----------------------------------
      Total |      1,466      100.00

. 
. 
. log close
      name:  <unnamed>
       log:  D:\Mental Health\studentdata.log
  log type:  text
 closed on:   6 Nov 2024, 01:36:34
--------------------------------------------------------------------------------------------------------
